Determining if the pthread_create exist failed with the following output:
Change Dir: /home/workspace/CppND-Capstone-Snake-Game/build/CMakeFiles/CMakeTmp

Run Build Command:"/usr/bin/make" "cmTC_1ea2a/fast"
/usr/bin/make -f CMakeFiles/cmTC_1ea2a.dir/build.make CMakeFiles/cmTC_1ea2a.dir/build
make[1]: Entering directory '/home/workspace/CppND-Capstone-Snake-Game/build/CMakeFiles/CMakeTmp'
Building C object CMakeFiles/cmTC_1ea2a.dir/CheckSymbolExists.c.o
/usr/bin/cc    -o CMakeFiles/cmTC_1ea2a.dir/CheckSymbolExists.c.o   -c /home/workspace/CppND-Capstone-Snake-Game/build/CMakeFiles/CMakeTmp/CheckSymbolExists.c
Linking C executable cmTC_1ea2a
/usr/local/bin/cmake -E cmake_link_script CMakeFiles/cmTC_1ea2a.dir/link.txt --verbose=1
/usr/bin/cc      CMakeFiles/cmTC_1ea2a.dir/CheckSymbolExists.c.o  -o cmTC_1ea2a 
CMakeFiles/cmTC_1ea2a.dir/CheckSymbolExists.c.o: In function `main':
CheckSymbolExists.c:(.text+0x16): undefined reference to `pthread_create'
collect2: error: ld returned 1 exit status
CMakeFiles/cmTC_1ea2a.dir/build.make:86: recipe for target 'cmTC_1ea2a' failed
make[1]: *** [cmTC_1ea2a] Error 1
make[1]: Leaving directory '/home/workspace/CppND-Capstone-Snake-Game/build/CMakeFiles/CMakeTmp'
Makefile:121: recipe for target 'cmTC_1ea2a/fast' failed
make: *** [cmTC_1ea2a/fast] Error 2

File /home/workspace/CppND-Capstone-Snake-Game/build/CMakeFiles/CMakeTmp/CheckSymbolExists.c:
/* */
#include <pthread.h>

int main(int argc, char** argv)
{
  (void)argv;
#ifndef pthread_create
  return ((int*)(&pthread_create))[argc];
#else
  (void)argc;
  return 0;
#endif
}

Determining if the function pthread_create exists in the pthreads failed with the following output:
Change Dir: /home/workspace/CppND-Capstone-Snake-Game/build/CMakeFiles/CMakeTmp

Run Build Command:"/usr/bin/make" "cmTC_4e213/fast"
/usr/bin/make -f CMakeFiles/cmTC_4e213.dir/build.make CMakeFiles/cmTC_4e213.dir/build
make[1]: Entering directory '/home/workspace/CppND-Capstone-Snake-Game/build/CMakeFiles/CMakeTmp'
Building C object CMakeFiles/cmTC_4e213.dir/CheckFunctionExists.c.o
/usr/bin/cc   -DCHECK_FUNCTION_EXISTS=pthread_create   -o CMakeFiles/cmTC_4e213.dir/CheckFunctionExists.c.o   -c /usr/local/share/cmake-3.13/Modules/CheckFunctionExists.c
Linking C executable cmTC_4e213
/usr/local/bin/cmake -E cmake_link_script CMakeFiles/cmTC_4e213.dir/link.txt --verbose=1
/usr/bin/cc  -DCHECK_FUNCTION_EXISTS=pthread_create    CMakeFiles/cmTC_4e213.dir/CheckFunctionExists.c.o  -o cmTC_4e213 -lpthreads 
/usr/bin/ld: cannot find -lpthreads
collect2: error: ld returned 1 exit status
CMakeFiles/cmTC_4e213.dir/build.make:86: recipe for target 'cmTC_4e213' failed
make[1]: *** [cmTC_4e213] Error 1
make[1]: Leaving directory '/home/workspace/CppND-Capstone-Snake-Game/build/CMakeFiles/CMakeTmp'
Makefile:121: recipe for target 'cmTC_4e213/fast' failed
make: *** [cmTC_4e213/fast] Error 2


